<?xml version="1.0" encoding="UTF-8" ?>
<testsuite tests="13" failures="0" name="Com.Symbiote.SymbioteProject.SymbioteRunnerTest" time="0.61" errors="0" skipped="12">
  <properties>
    <property name="java.runtime.name" value="Java(TM) SE Runtime Environment"/>
    <property name="sun.boot.library.path" value="C:\Program Files\Java\jdk1.8.0_112\jre\bin"/>
    <property name="java.vm.version" value="25.112-b15"/>
    <property name="java.vm.vendor" value="Oracle Corporation"/>
    <property name="maven.multiModuleProjectDirectory" value="C:\Users\m1034519\workspace\SymbioteProject"/>
    <property name="java.vendor.url" value="http://java.oracle.com/"/>
    <property name="path.separator" value=";"/>
    <property name="guice.disable.misplaced.annotation.check" value="true"/>
    <property name="java.vm.name" value="Java HotSpot(TM) 64-Bit Server VM"/>
    <property name="file.encoding.pkg" value="sun.io"/>
    <property name="user.script" value=""/>
    <property name="user.country" value="US"/>
    <property name="sun.java.launcher" value="SUN_STANDARD"/>
    <property name="sun.os.patch.level" value=""/>
    <property name="java.vm.specification.name" value="Java Virtual Machine Specification"/>
    <property name="user.dir" value="C:\Users\m1034519\workspace\SymbioteProject"/>
    <property name="java.runtime.version" value="1.8.0_112-b15"/>
    <property name="java.awt.graphicsenv" value="sun.awt.Win32GraphicsEnvironment"/>
    <property name="java.endorsed.dirs" value="C:\Program Files\Java\jdk1.8.0_112\jre\lib\endorsed"/>
    <property name="os.arch" value="amd64"/>
    <property name="java.io.tmpdir" value="C:\Users\m1034519\AppData\Local\Temp\"/>
    <property name="line.separator" value="
"/>
    <property name="java.vm.specification.vendor" value="Oracle Corporation"/>
    <property name="user.variant" value=""/>
    <property name="os.name" value="Windows 10"/>
    <property name="classworlds.conf" value="C:\Users\m1034519\workspace\.metadata\.plugins\org.eclipse.m2e.launching\launches\m2conf8681761700743725797.tmp"/>
    <property name="sun.jnu.encoding" value="Cp1252"/>
    <property name="java.library.path" value="C:\Program Files\Java\jdk1.8.0_112\bin;C:\windows\Sun\Java\bin;C:\windows\system32;C:\windows;C:/Program Files/Java/jre1.8.0_112/bin/server;C:/Program Files/Java/jre1.8.0_112/bin;C:/Program Files/Java/jre1.8.0_112/lib/amd64;C:\ProgramData\Oracle\Java\javapath;C:\Program Files\Common Files\Microsoft Shared\Microsoft Online Services;C:\Program Files (x86)\Common Files\Microsoft Shared\Microsoft Online Services;C:\windows\system32;C:\windows;C:\windows\System32\Wbem;C:\windows\System32\WindowsPowerShell\v1.0\;C:\Program Files\TortoiseSVN\bin;C:\Program Files\Java\jdk1.8.0_112\bin;C:\Program Files\Git\cmd;D:\Selenium Java Files\eclipse-jee-mars-R-win32-x86_64\eclipse;;."/>
    <property name="java.specification.name" value="Java Platform API Specification"/>
    <property name="java.class.version" value="52.0"/>
    <property name="sun.management.compiler" value="HotSpot 64-Bit Tiered Compilers"/>
    <property name="os.version" value="10.0"/>
    <property name="user.home" value="C:\Users\m1034519"/>
    <property name="user.timezone" value="Asia/Calcutta"/>
    <property name="java.awt.printerjob" value="sun.awt.windows.WPrinterJob"/>
    <property name="java.specification.version" value="1.8"/>
    <property name="file.encoding" value="Cp1252"/>
    <property name="user.name" value="M1034519"/>
    <property name="java.class.path" value="/D:/Selenium Java Files/eclipse-jee-mars-R-win32-x86_64/eclipse/plugins/org.eclipse.m2e.maven.runtime_1.6.2.20150902-0001/jars/plexus-classworlds-2.5.2.jar"/>
    <property name="java.vm.specification.version" value="1.8"/>
    <property name="sun.arch.data.model" value="64"/>
    <property name="java.home" value="C:\Program Files\Java\jdk1.8.0_112\jre"/>
    <property name="sun.java.command" value="org.codehaus.plexus.classworlds.launcher.Launcher -B clean install"/>
    <property name="java.specification.vendor" value="Oracle Corporation"/>
    <property name="user.language" value="en"/>
    <property name="awt.toolkit" value="sun.awt.windows.WToolkit"/>
    <property name="java.vm.info" value="mixed mode"/>
    <property name="java.version" value="1.8.0_112"/>
    <property name="java.ext.dirs" value="C:\Program Files\Java\jdk1.8.0_112\jre\lib\ext;C:\windows\Sun\Java\lib\ext"/>
    <property name="sun.boot.class.path" value="C:\Program Files\Java\jdk1.8.0_112\jre\lib\resources.jar;C:\Program Files\Java\jdk1.8.0_112\jre\lib\rt.jar;C:\Program Files\Java\jdk1.8.0_112\jre\lib\sunrsasign.jar;C:\Program Files\Java\jdk1.8.0_112\jre\lib\jsse.jar;C:\Program Files\Java\jdk1.8.0_112\jre\lib\jce.jar;C:\Program Files\Java\jdk1.8.0_112\jre\lib\charsets.jar;C:\Program Files\Java\jdk1.8.0_112\jre\lib\jfr.jar;C:\Program Files\Java\jdk1.8.0_112\jre\classes"/>
    <property name="java.vendor" value="Oracle Corporation"/>
    <property name="maven.home" value="C:\Users\m1034519\workspace\SymbioteProject\EMBEDDED"/>
    <property name="file.separator" value="\"/>
    <property name="java.vendor.url.bug" value="http://bugreport.sun.com/bugreport/"/>
    <property name="sun.cpu.endian" value="little"/>
    <property name="sun.io.unicode.encoding" value="UnicodeLittle"/>
    <property name="sun.desktop" value="windows"/>
    <property name="sun.cpu.isalist" value="amd64"/>
  </properties>
  <testcase classname="Scenario: To Send the contact form" name="Given I am on Zoo site page" time="0.046">
    <skipped/>
  </testcase>
  <testcase classname="Scenario: To Send the contact form" name="When I click on &quot;Contact&quot; link" time="0.046">
    <skipped/>
  </testcase>
  <testcase classname="Scenario: To Send the contact form" name="And I enter &quot;Name testnew&quot; into the name text box" time="0.047">
    <skipped/>
  </testcase>
  <testcase classname="Scenario: To Send the contact form" name="And I select Information radio button" time="0.047">
    <skipped/>
  </testcase>
  <testcase classname="Scenario: To Send the contact form" name="And I select Zoo Volunteer check box" time="0.047">
    <skipped/>
  </testcase>
  <testcase classname="Scenario: To Send the contact form" name="And I select Email Newsletter check box" time="0.047">
    <skipped/>
  </testcase>
  <testcase classname="Scenario: To Send the contact form" name="And I enter &quot;Address test12&quot; into the address text box" time="0.047">
    <skipped/>
  </testcase>
  <testcase classname="Scenario: To Send the contact form" name="And I enter &quot;Postcode test12&quot; into the postcode text box" time="0.047">
    <skipped/>
  </testcase>
  <testcase classname="Scenario: To Send the contact form" name="And I enter &quot;Email test12&quot; into the email text box" time="0.047">
    <skipped/>
  </testcase>
  <testcase classname="Scenario: To Send the contact form" name="And I click on Send button" time="0.047">
    <skipped/>
  </testcase>
  <testcase classname="Scenario: To Send the contact form" name="Then I am on the confirmation page" time="0.047">
    <skipped/>
  </testcase>
  <testcase classname="Scenario: To Send the contact form" name="Scenario: To Send the contact form" time="0.047">
    <skipped/>
  </testcase>
  <testcase classname="Scenario: To Send the contact form" name="Scenario: To Send the contact form" time="0.048"/>
</testsuite>